IPLKH BMPAP
PEUCR BMPAP
FFIPY BMPAP
YSTBF BMPAP
SAWLV BMPAP
WGEKY BMPAP
BXGPV BMPAP
SFEAY BMPAP
VOQGI CJKTM
NYXRG CJKTM
SKONG CJKTM
BTOMS CJKTM
YEARY CJKTM
NVKEQ CJKTM
SYEBB CJKTM
JIUAE FAZQN
IBTBA FAZQN
BDHMZ FAZQN
VOKYU FAZQN
HIDMW FAZQN
KSWZY FAZQN
PGDDC FAZQN
CCGLB FAZQN
HSGXF IUBGK
LBFZX IUBGK
UICWW IUBGK
FTUFX IUBGK
DLDCE IUBGK
ERBPR IUBGK
GJNJQ IUBGK
VTCMM IUBGK
DEDHB KHOPZ
HIRQX KHOPZ
OYDKA KHOPZ
IVAPL KHOPZ
QEAXV KHOPZ
PGTXX KHOPZ
WPJNG KHOPZ
TJCEL KHOPZ
PWZBK OZRSO
HJDSH OZRSO
XCUNF OZRSO
FTSPK OZRSO
CXQHO OZRSO
PYKXG OZRSO
DHVXV OZRSO
PKJER QAFXT
HJZKA QAFXT
UUZPW QAFXT
PIKFA QAFXT
JJKBU QAFXT
HNOII QAFXT
OEPYI QAFXT
QKMVU RRXIB
BBUQD RRXIB
FGKPF RRXIB
GZBWF RRXIB
XDMMO RRXIB
OPYDR RRXIB
CRWYN RRXIB
RJBOQ RWBNZ
MFJCC RWBNZ
QWKPP RWBNZ
NLYFY RWBNZ
XRWBH RWBNZ
AMUEK RWBNZ
YKLRS RWBNZ
QKXAP RWBNZ
WDPYF SEVXD
TOHTO SEVXD
UFIFK SEVXD
BBQAL SEVXD
PGQYT SEVXD
ERNCV SEVXD
FKHQG SEVXD
ODGBY USNFL
ZTTKO USNFL
KSEGB USNFL
JRXNV XLSFA
PZPKC XLSFA
GQBYA XLSFA
TTLRR XLSFA
SGCBG YZMXS
OBDAO YZMXS
JZRTZ YZMXS
NCPKK YZMXS
TXQML YZMXS
GAOAW YZMXS
WLUKM YZMXS
SSASC YZMXS
ZOCAG ZKCCF
KHJVI ZKCCF
MQSBT ZKCCF
IVFIB ZKCCF
ICARY ZKCCF
LJKXJ ZKCCF
NIDIH ZKCCF
BIEGV ZQHOV
UUXJW ZQHOV
QVYUP ZQHOV
