╒═════════╤════════════╤═════════════════════════════╤══════════════╕
│ nodes   │   capacity │ files                       │   space_left │
╞═════════╪════════════╪═════════════════════════════╪══════════════╡
│ BMPAP   │        466 │ ['HICKM', 'MOQBC', 'IBDLB'] │           29 │
├─────────┼────────────┼─────────────────────────────┼──────────────┤
│ CJKTM   │        310 │ ['NVGOT', 'OTPCN']          │           38 │
├─────────┼────────────┼─────────────────────────────┼──────────────┤
│ FAZQN   │        384 │ ['VHRRW', 'LLONR', 'BZHVI'] │            2 │
├─────────┼────────────┼─────────────────────────────┼──────────────┤
│ IUBGK   │        349 │ ['YHJMX', 'YQCMT']          │           45 │
├─────────┼────────────┼─────────────────────────────┼──────────────┤
│ KHOPZ   │        420 │ ['OTHOK', 'YOMDI', 'SNAKR'] │            7 │
├─────────┼────────────┼─────────────────────────────┼──────────────┤
│ OZRSO   │        334 │ ['OYGCS', 'JGMRW', 'NEDVE'] │            3 │
├─────────┼────────────┼─────────────────────────────┼──────────────┤
│ QAFXT   │        359 │ ['RSRIA', 'WJZIA']          │           48 │
├─────────┼────────────┼─────────────────────────────┼──────────────┤
│ RRXIB   │        273 │ ['VVQWD', 'ZTDCB']          │            8 │
├─────────┼────────────┼─────────────────────────────┼──────────────┤
│ RWBNZ   │        355 │ ['ZESUJ', 'EMZCW']          │           48 │
├─────────┼────────────┼─────────────────────────────┼──────────────┤
│ SEVXD   │        337 │ ['EUOEW', 'IZPYT', 'BIVID'] │            1 │
├─────────┼────────────┼─────────────────────────────┼──────────────┤
│ USNFL   │        127 │ ['QBFPI']                   │           24 │
├─────────┼────────────┼─────────────────────────────┼──────────────┤
│ XLSFA   │        183 │ ['WSSDZ']                   │           26 │
├─────────┼────────────┼─────────────────────────────┼──────────────┤
│ YZMXS   │        424 │ ['PNIOO', 'QAMCY', 'MKNUS'] │            6 │
├─────────┼────────────┼─────────────────────────────┼──────────────┤
│ ZKCCF   │        323 │ ['BFOMY', 'WMWSS']          │           50 │
├─────────┼────────────┼─────────────────────────────┼──────────────┤
│ ZQHOV   │        178 │ ['SDABH']                   │           28 │
╘═════════╧════════════╧═════════════════════════════╧══════════════╛
╒═════════╤════════╤════════════════╕
│ files   │   size │ AssignedNode   │
╞═════════╪════════╪════════════════╡
│ IRPMA   │     89 │ NULL           │
├─────────┼────────┼────────────────┤
│ TOVOX   │     90 │ NULL           │
├─────────┼────────┼────────────────┤
│ QZJVE   │     79 │ NULL           │
├─────────┼────────┼────────────────┤
│ FVUXX   │     71 │ NULL           │
├─────────┼────────┼────────────────┤
│ UFYEW   │     83 │ NULL           │
├─────────┼────────┼────────────────┤
│ RCFOC   │     86 │ NULL           │
├─────────┼────────┼────────────────┤
│ EVVAO   │     51 │ NULL           │
╘═════════╧════════╧════════════════╛
An overall node utilization is 92.47%,
with 82.50% of files are assigned.

